<Project-div name="Mapdiver">
	<Folder-div name="Functional-Tests">
		<Test-div id="T1" name="verify-map-display" req="R1">
			Verify that the map is correctly displayed on the main webpage. After loading the page
		</Test-div>

		<Test-div id="T2" name="do-a-research" req="R3 R5 R8 R14">
			<Dimension-div type="text-type">
				<Choice-div name="station-label"/>
				<Choice-div name="track-label"/>
			</Dimension-div>
			<Dimension-div type="search-Input">
				<Choice-div name="valid-station-name"/>
				<Choice-div name="valid-line-name"/>
				<Choice-div name="invalid-input"/>
			</Dimension-div>
			Make a research using the search.
			Once validating your choice the map should display the slected choice.
			you could also be able to change element via the arrow or tab on keyboard and push enter to select the result
		</Test-div>

		<Test-div id="T3" name="hamburger-menue" req="R6 R9 R13">
			Verify that users can search and highlight elements on the map.
		</Test-div>

		<Test-div id="T4" name="select-on-map" req="R6 R9 R2 R11 R7">
			<Dimension-div type="object-type">
				<Choice-div name="station-label"/>
				<Choice-div name="station"/>
				<Choice-div name="track-line"/>
				<Choice-div name="track-label"/>
			</Dimension-div>
			Verify that users can select item on the map.
		</Test-div>

		<Test-div id="T5" name="traveling-on-the-map" req="R22">
			<Dimension-div type="gesture">
				<Choice-div name="mousse drag"/>
				<Choice-div name="mousse Scrolling"/>
			</Dimension-div>
			Verify that users can navigate all acrosse the map.
		</Test-div>

		<Test-div id="T6" name="changing-color-map" req="R4 R21">
			<Dimension-div type="color-mode">
				<Choice-div name="default"/>
				<Choice-div name="easy"/>
			</Dimension-div>
			Verify that users can change the color via the left panel menue.
		</Test-div>

		<Test-div id="T10" name="Opening of The Right panel for station" req="">
			<Dimension-div type="object-type">
				<Choice-div name="station-label"/>
				<Choice-div name="station"/>
			</Dimension-div>
			when clicking on the Station object the right panel should open and siplay the right information for the station for now a blank page.
		</Test-div>
		<Test-div id="T11" name="Opening of The Right panel for line" req="R25">
			<Dimension-div type="object-type">
				<Choice-div name="track-line"/>
				<Choice-div name="track-label"/>
			</Dimension-div>
			<Dimension-div type="opening type">
				<Choice-div name="search bar"/>
				<Choice-div name="direct click"/>
			</Dimension-div>
			when clicking on the Line object the right panel should open and display information about the line.
			There should be at the top the name of the line and the icon on the line.
			Under that there should be a list of schedule.
		</Test-div>
		<Test-div id="T14" name="display schedule information" req="R25">
			The header of schedule should display:
				- Service type as an icon
				- Eventiualy an 'i' icon 
				- The name of the schedule 
				- Plus_minus icons
			When clicking the object it should extend itself to display all the station in the schedule and the information:
			For each displayed station there should be from left to right:
				- The elapsed time from the start
				- The start and stop time at the station
				- An icon of the station (rounded top or bottom for both end of the station and continuous for the other with a circle at the center)
				- The name of the station
		</Test-div>
		<Test-div id="T12" name="closing the right panel" req="R4 R21">
			when clicking the cross inside the right panel the right panel shoudl close and all the lines are higlighted again.
		</Test-div>
		<Test-div id="T13" name="changing size of the windows" req="R24">
			when resizing the windows on the right the canvas should adapt, when resizing the windows from the top the canvas should also adapt
		</Test-div>
	</Folder-div>

	<Folder-div id="T7" name="Accessibility Requirements" req="R16 R21">
		<Dimension-div type="screen-ratio">
			<Choice-div name="3840x2160"/>
			<Choice-div name="412x915"/>
			<Choice-div name="1500x750"/>
			<Choice-div name="1000x1000"/>
		</Dimension-div>
		The screen should adapt with the screen not get out of bound or display weirdly
	</Folder-div>

	<Folder-div name="Performance-Tests">
		<Test-div id="T8" name="measure-map-load-time" req="R10">
			<Dimension-div type="Load Time"/>
			Verify that the map loads within 3 seconds.
		</Test-div>
		<Test-div id="T9" name="measure-search-performance" req="R12">
			<Dimension-div type="Response-Time"/>
			Verify that search results are displayed within 300ms.
		</Test-div>
	</Folder-div>
</Project-div>